<?xml version="1.0" encoding="utf-8"?><testsuites name="pytest tests"><testsuite name="pytest" errors="0" failures="0" skipped="0" tests="9" time="1.770" timestamp="2026-06-18T06:12:40.512671+00:00" hostname="agent-env-0de9d695-6299-46e7-ab5f-bbd038d5700d"><testcase classname="tests.backend_test" name="test_customers_have_total_balance" time="0.441" /><testcase classname="tests.backend_test" name="test_balance_list_shape" time="0.100" /><testcase classname="tests.backend_test" name="test_balance_list_requires_auth" time="0.088" /><testcase classname="tests.backend_test" name="test_inline_status_update" time="0.380" /><testcase classname="tests.backend_test" name="test_inline_status_invalid" time="0.324" /><testcase classname="tests.backend_test" name="test_backup_returns_xlsx" time="0.108" /><testcase classname="tests.backend_test" name="test_backup_requires_admin" time="0.093" /><testcase classname="tests.backend_test" name="test_stats_endpoint" time="0.089" /><testcase classname="tests.backend_test" name="test_orders_list" time="0.089" /></testsuite></testsuites>